[    98.685] (--) Log file renamed from "/home/name/.local/share/xorg/Xorg.pid-1533.log" to "/home/name/.local/share/xorg/Xorg.0.log"
[    98.696] 
X.Org X Server 1.20.1
X Protocol Version 11, Revision 0
[    98.696] Build Operating System: Linux 4.4.0-140-generic x86_64 Ubuntu
[    98.696] Current Operating System: Linux name-VirtualBox 4.18.0-15-generic #16~18.04.1-Ubuntu SMP Thu Feb 7 14:06:04 UTC 2019 x86_64
[    98.696] Kernel command line: BOOT_IMAGE=/boot/vmlinuz-4.18.0-15-generic root=UUID=2e4677c7-01b4-4a70-adb4-528024e8507c ro quiet splash
[    98.696] Build Date: 27 November 2018  05:27:12PM
[    98.696] xorg-server-hwe-18.04 2:1.20.1-3ubuntu2.1~18.04.1 (For technical support please see http://www.ubuntu.com/support) 
[    98.696] Current version of pixman: 0.34.0
[    98.697] 	Before reporting problems, check http://wiki.x.org
	to make sure that you have the latest version.
[    98.697] Markers: (--) probed, (**) from config file, (==) default setting,
	(++) from command line, (!!) notice, (II) informational,
	(WW) warning, (EE) error, (NI) not implemented, (??) unknown.
[    98.697] (==) Log file: "/home/name/.local/share/xorg/Xorg.0.log", Time: Fri Mar 15 23:01:35 2019
[    98.722] (==) Using system config directory "/usr/share/X11/xorg.conf.d"
[    98.741] (==) No Layout section.  Using the first Screen section.
[    98.741] (==) No screen section available. Using defaults.
[    98.741] (**) |-->Screen "Default Screen Section" (0)
[    98.741] (**) |   |-->Monitor "<default monitor>"
[    98.742] (==) No monitor specified for screen "Default Screen Section".
	Using a default monitor configuration.
[    98.742] (==) Automatically adding devices
[    98.742] (==) Automatically enabling devices
[    98.742] (==) Automatically adding GPU devices
[    98.742] (==) Automatically binding GPU devices
[    98.742] (==) Max clients allowed: 256, resource mask: 0x1fffff
[    98.742] (WW) The directory "/usr/share/fonts/X11/cyrillic" does not exist.
[    98.742] 	Entry deleted from font path.
[    98.742] (WW) The directory "/usr/share/fonts/X11/100dpi/" does not exist.
[    98.742] 	Entry deleted from font path.
[    98.742] (WW) The directory "/usr/share/fonts/X11/75dpi/" does not exist.
[    98.742] 	Entry deleted from font path.
[    98.742] (WW) The directory "/usr/share/fonts/X11/100dpi" does not exist.
[    98.742] 	Entry deleted from font path.
[    98.742] (WW) The directory "/usr/share/fonts/X11/75dpi" does not exist.
[    98.742] 	Entry deleted from font path.
[    98.742] (==) FontPath set to:
	/usr/share/fonts/X11/misc,
	/usr/share/fonts/X11/Type1,
	built-ins
[    98.742] (==) ModulePath set to "/usr/lib/xorg/modules"
[    98.742] (II) The server relies on udev to provide the list of input devices.
	If no devices become available, reconfigure udev or disable AutoAddDevices.
[    98.743] (II) Loader magic: 0x55871cded020
[    98.743] (II) Module ABI versions:
[    98.743] 	X.Org ANSI C Emulation: 0.4
[    98.743] 	X.Org Video Driver: 24.0
[    98.743] 	X.Org XInput driver : 24.1
[    98.743] 	X.Org Server Extension : 10.0
[    98.743] (++) using VT number 2

[    98.750] (II) systemd-logind: took control of session /org/freedesktop/login1/session/_33
[    98.751] (II) xfree86: Adding drm device (/dev/dri/card0)
[    98.761] (II) systemd-logind: got fd for /dev/dri/card0 226:0 fd 12 paused 0
[    98.763] (--) PCI:*(0@0:2:0) 15ad:0405:15ad:0405 rev 0, Mem @ 0xf0000000/16777216, 0xf1000000/2097152, I/O @ 0x0000d010/16, BIOS @ 0x????????/131072
[    98.763] (II) LoadModule: "glx"
[    98.781] (II) Loading /usr/lib/xorg/modules/extensions/libglx.so
[    98.823] (II) Module glx: vendor="X.Org Foundation"
[    98.823] 	compiled for 1.20.1, module version = 1.0.0
[    98.823] 	ABI class: X.Org Server Extension, version 10.0
[    98.823] (==) Matched vmware as autoconfigured driver 0
[    98.823] (==) Matched modesetting as autoconfigured driver 1
[    98.823] (==) Matched fbdev as autoconfigured driver 2
[    98.823] (==) Matched vesa as autoconfigured driver 3
[    98.823] (==) Assigned the driver to the xf86ConfigLayout
[    98.823] (II) LoadModule: "vmware"
[    98.823] (II) Loading /usr/lib/xorg/modules/drivers/vmware_drv.so
[    98.953] (II) Module vmware: vendor="X.Org Foundation"
[    98.953] 	compiled for 1.20.1, module version = 13.3.0
[    98.953] 	Module class: X.Org Video Driver
[    98.953] 	ABI class: X.Org Video Driver, version 24.0
[    98.953] (II) LoadModule: "modesetting"
[    98.953] (II) Loading /usr/lib/xorg/modules/drivers/modesetting_drv.so
[    98.969] (II) Module modesetting: vendor="X.Org Foundation"
[    98.969] 	compiled for 1.20.1, module version = 1.20.1
[    98.969] 	Module class: X.Org Video Driver
[    98.969] 	ABI class: X.Org Video Driver, version 24.0
[    98.969] (II) LoadModule: "fbdev"
[    98.969] (II) Loading /usr/lib/xorg/modules/drivers/fbdev_drv.so
[    98.975] (II) Module fbdev: vendor="X.Org Foundation"
[    98.975] 	compiled for 1.20.1, module version = 0.5.0
[    98.975] 	Module class: X.Org Video Driver
[    98.975] 	ABI class: X.Org Video Driver, version 24.0
[    98.975] (II) LoadModule: "vesa"
[    98.975] (II) Loading /usr/lib/xorg/modules/drivers/vesa_drv.so
[    98.977] (II) Module vesa: vendor="X.Org Foundation"
[    98.977] 	compiled for 1.20.1, module version = 2.4.0
[    98.977] 	Module class: X.Org Video Driver
[    98.977] 	ABI class: X.Org Video Driver, version 24.0
[    98.977] (II) vmware: driver for VMware SVGA: vmware0405, vmware0710
[    98.977] (II) modesetting: Driver for Modesetting Kernel Drivers: kms
[    98.977] (II) FBDEV: driver for framebuffer: fbdev
[    98.977] (II) VESA: driver for VESA chipsets: vesa
[    98.977] xf86EnableIOPorts: failed to set IOPL for I/O (Operation not permitted)
[    98.977] (WW) Falling back to old probe method for modesetting
[    98.977] (WW) Falling back to old probe method for fbdev
[    98.977] (II) Loading sub module "fbdevhw"
[    98.977] (II) LoadModule: "fbdevhw"
[    98.977] (II) Loading /usr/lib/xorg/modules/libfbdevhw.so
[    98.985] (II) Module fbdevhw: vendor="X.Org Foundation"
[    98.985] 	compiled for 1.20.1, module version = 0.0.2
[    98.985] 	ABI class: X.Org Video Driver, version 24.0
[    98.985] (EE) open /dev/fb0: Permission denied
[    98.985] (WW) VGA arbiter: cannot open kernel arbiter, no multi-card support
[    98.985] (II) vmware(0): Creating default Display subsection in Screen section
	"Default Screen Section" for depth/fbbpp 24/32
[    98.985] (--) vmware(0): DRM driver version is 2.14.1
[    98.985] (==) vmware(0): Depth 24, (--) framebuffer bpp 32
[    98.985] (==) vmware(0): RGB weight 888
[    98.985] (==) vmware(0): Default visual is TrueColor
[    98.985] (--) vmware(0): Min width 1, Max Width 8192.
[    98.985] (--) vmware(0): Min height 1, Max Height 8192.
[    98.985] (II) vmware(0): Output Virtual1 has no monitor section
[    98.985] (II) vmware(0): Output Virtual2 has no monitor section
[    98.986] (II) vmware(0): Output Virtual3 has no monitor section
[    98.986] (II) vmware(0): Output Virtual4 has no monitor section
[    98.986] (II) vmware(0): Output Virtual5 has no monitor section
[    98.986] (II) vmware(0): Output Virtual6 has no monitor section
[    98.986] (II) vmware(0): Output Virtual7 has no monitor section
[    98.986] (II) vmware(0): Output Virtual8 has no monitor section
[    98.986] (II) vmware(0): Printing probed modes for output Virtual1
[    98.986] (II) vmware(0): Modeline "800x600"x60.0   42.75  800 850 900 950  600 650 700 750 -hsync +vsync (45.0 kHz eP)
[    98.986] (II) vmware(0): Modeline "2560x1600"x60.0  348.50  2560 2752 3032 3504  1600 1603 1609 1658 -hsync +vsync (99.5 kHz e)
[    98.986] (II) vmware(0): Modeline "1920x1440"x60.0  234.00  1920 2048 2256 2600  1440 1441 1444 1500 -hsync +vsync (90.0 kHz e)
[    98.986] (II) vmware(0): Modeline "1856x1392"x60.0  218.25  1856 1952 2176 2528  1392 1393 1396 1439 -hsync +vsync (86.3 kHz e)
[    98.986] (II) vmware(0): Modeline "1792x1344"x60.0  204.75  1792 1920 2120 2448  1344 1345 1348 1394 -hsync +vsync (83.6 kHz e)
[    98.986] (II) vmware(0): Modeline "1920x1200"x59.9  193.25  1920 2056 2256 2592  1200 1203 1209 1245 -hsync +vsync (74.6 kHz e)
[    98.986] (II) vmware(0): Modeline "1600x1200"x60.0  162.00  1600 1664 1856 2160  1200 1201 1204 1250 +hsync +vsync (75.0 kHz e)
[    98.986] (II) vmware(0): Modeline "1680x1050"x60.0  146.25  1680 1784 1960 2240  1050 1053 1059 1089 -hsync +vsync (65.3 kHz e)
[    98.986] (II) vmware(0): Modeline "1400x1050"x60.0  121.75  1400 1488 1632 1864  1050 1053 1057 1089 -hsync +vsync (65.3 kHz e)
[    98.986] (II) vmware(0): Modeline "1280x1024"x60.0  108.00  1280 1328 1440 1688  1024 1025 1028 1066 +hsync +vsync (64.0 kHz e)
[    98.986] (II) vmware(0): Modeline "1440x900"x59.9  106.50  1440 1520 1672 1904  900 903 909 934 -hsync +vsync (55.9 kHz e)
[    98.986] (II) vmware(0): Modeline "1280x960"x60.0  108.00  1280 1376 1488 1800  960 961 964 1000 +hsync +vsync (60.0 kHz e)
[    98.986] (II) vmware(0): Modeline "1360x768"x60.0   85.50  1360 1424 1536 1792  768 771 777 795 +hsync +vsync (47.7 kHz e)
[    98.986] (II) vmware(0): Modeline "1280x800"x59.8   83.50  1280 1352 1480 1680  800 803 809 831 +hsync -vsync (49.7 kHz e)
[    98.986] (II) vmware(0): Modeline "1152x864"x75.0  108.00  1152 1216 1344 1600  864 865 868 900 +hsync +vsync (67.5 kHz e)
[    98.986] (II) vmware(0): Modeline "1280x768"x59.9   79.50  1280 1344 1472 1664  768 771 778 798 -hsync +vsync (47.8 kHz e)
[    98.986] (II) vmware(0): Modeline "1024x768"x60.0   65.00  1024 1048 1184 1344  768 771 777 806 -hsync -vsync (48.4 kHz e)
[    98.986] (II) vmware(0): Modeline "800x600"x60.3   40.00  800 840 968 1056  600 601 605 628 +hsync +vsync (37.9 kHz e)
[    98.986] (II) vmware(0): Modeline "640x480"x59.9   25.18  640 656 752 800  480 489 492 525 -hsync -vsync (31.5 kHz e)
[    98.986] (II) vmware(0): EDID for output Virtual2
[    98.986] (II) vmware(0): EDID for output Virtual3
[    98.986] (II) vmware(0): EDID for output Virtual4
[    98.986] (II) vmware(0): EDID for output Virtual5
[    98.986] (II) vmware(0): EDID for output Virtual6
[    98.986] (II) vmware(0): EDID for output Virtual7
[    98.986] (II) vmware(0): EDID for output Virtual8
[    98.986] (II) vmware(0): Output Virtual1 connected
[    98.986] (II) vmware(0): Output Virtual2 disconnected
[    98.986] (II) vmware(0): Output Virtual3 disconnected
[    98.986] (II) vmware(0): Output Virtual4 disconnected
[    98.986] (II) vmware(0): Output Virtual5 disconnected
[    98.986] (II) vmware(0): Output Virtual6 disconnected
[    98.986] (II) vmware(0): Output Virtual7 disconnected
[    98.986] (II) vmware(0): Output Virtual8 disconnected
[    98.986] (II) vmware(0): Using exact sizes for initial modes
[    98.986] (II) vmware(0): Output Virtual1 using initial mode 800x600 +0+0
[    98.986] (==) vmware(0): DPI set to (96, 96)
[    98.986] (==) vmware(0): Using gamma correction (1.0, 1.0, 1.0)
[    98.986] (II) Loading sub module "fb"
[    98.986] (II) LoadModule: "fb"
[    98.986] (II) Loading /usr/lib/xorg/modules/libfb.so
[    98.993] (II) Module fb: vendor="X.Org Foundation"
[    98.993] 	compiled for 1.20.1, module version = 1.0.0
[    98.993] 	ABI class: X.Org ANSI C Emulation, version 0.4
[    98.993] (II) Loading sub module "dri2"
[    98.993] (II) LoadModule: "dri2"
[    98.993] (II) Module "dri2" already built-in
[    98.993] (II) Loading sub module "dri3"
[    98.993] (II) LoadModule: "dri3"
[    98.993] (II) Module "dri3" already built-in
[    98.993] (II) UnloadModule: "modesetting"
[    98.993] (II) Unloading modesetting
[    98.993] (II) UnloadModule: "fbdev"
[    98.993] (II) Unloading fbdev
[    98.993] (II) UnloadSubModule: "fbdevhw"
[    98.993] (II) Unloading fbdevhw
[    98.993] (II) UnloadModule: "vesa"
[    98.993] (II) Unloading vesa
[    99.009] (II) vmware(0): Initialized VMWARE_CTRL extension version 0.2
[    99.040] (WW) vmware(0): Failed to initialize Gallium3D Xa. No render acceleration available.
[    99.040] (WW) vmware(0): Skipped initialization of direct rendering due to lack of render acceleration.
[    99.040] (--) vmware(0): Render acceleration is disabled.
[    99.040] (==) vmware(0): Rendercheck mode is disabled.
[    99.040] (--) vmware(0): Direct rendering (DRI2 3D) is disabled.
[    99.040] (--) vmware(0): Direct rendering (DRI3 3D) is disabled.
[    99.040] (==) vmware(0): Backing store enabled
[    99.040] (==) vmware(0): Silken mouse enabled
[    99.062] (==) vmware(0): DPMS enabled
[    99.062] (II) vmware(0): No 3D acceleration. Not setting up textured video.
[    99.062] (WW) vmware(0): Disabling Xv because no adaptors could be initialized.
[    99.062] (II) Initializing extension Generic Event Extension
[    99.062] (II) Initializing extension SHAPE
[    99.062] (II) Initializing extension MIT-SHM
[    99.062] (II) Initializing extension XInputExtension
[    99.069] (II) Initializing extension XTEST
[    99.070] (II) Initializing extension BIG-REQUESTS
[    99.070] (II) Initializing extension SYNC
[    99.070] (II) Initializing extension XKEYBOARD
[    99.070] (II) Initializing extension XC-MISC
[    99.070] (II) Initializing extension SECURITY
[    99.070] (II) Initializing extension XFIXES
[    99.070] (II) Initializing extension RENDER
[    99.070] (II) Initializing extension RANDR
[    99.071] (II) Initializing extension COMPOSITE
[    99.071] (II) Initializing extension DAMAGE
[    99.071] (II) Initializing extension MIT-SCREEN-SAVER
[    99.071] (II) Initializing extension DOUBLE-BUFFER
[    99.071] (II) Initializing extension RECORD
[    99.071] (II) Initializing extension DPMS
[    99.071] (II) Initializing extension Present
[    99.071] (II) Initializing extension DRI3
[    99.071] (II) Initializing extension X-Resource
[    99.072] (II) Initializing extension XVideo
[    99.072] (II) Initializing extension XVideo-MotionCompensation
[    99.072] (II) Initializing extension SELinux
[    99.072] (II) SELinux: Disabled on system
[    99.072] (II) Initializing extension GLX
[    99.073] (II) AIGLX: Screen 0 is not DRI2 capable
[    99.082] (II) IGLX: Loaded and initialized swrast
[    99.082] (II) GLX: Initialized DRISWRAST GL provider for screen 0
[    99.082] (II) Initializing extension XFree86-VidModeExtension
[    99.082] (II) Initializing extension XFree86-DGA
[    99.083] (II) Initializing extension XFree86-DRI
[    99.084] (II) Initializing extension DRI2
[    99.088] (II) vmware(0): Setting screen physical size to 211 x 158
[    99.240] (II) config/udev: Adding input device Power Button (/dev/input/event0)
[    99.240] (**) Power Button: Applying InputClass "libinput keyboard catchall"
[    99.240] (II) LoadModule: "libinput"
[    99.241] (II) Loading /usr/lib/xorg/modules/input/libinput_drv.so
[    99.252] (II) Module libinput: vendor="X.Org Foundation"
[    99.252] 	compiled for 1.20.1, module version = 0.28.1
[    99.253] 	Module class: X.Org XInput Driver
[    99.253] 	ABI class: X.Org XInput driver, version 24.1
[    99.253] (II) Using input driver 'libinput' for 'Power Button'
[    99.262] (II) systemd-logind: got fd for /dev/input/event0 13:64 fd 20 paused 0
[    99.262] (**) Power Button: always reports core events
[    99.262] (**) Option "Device" "/dev/input/event0"
[    99.262] (**) Option "_source" "server/udev"
[    99.262] (II) event0  - Power Button: is tagged by udev as: Keyboard
[    99.262] (II) event0  - Power Button: device is a keyboard
[    99.262] (II) event0  - Power Button: device removed
[    99.262] (**) Option "config_info" "udev:/sys/devices/LNXSYSTM:00/LNXPWRBN:00/input/input0/event0"
[    99.262] (II) XINPUT: Adding extended input device "Power Button" (type: KEYBOARD, id 6)
[    99.262] (**) Option "xkb_model" "pc105"
[    99.262] (**) Option "xkb_layout" "us"
[    99.263] (II) event0  - Power Button: is tagged by udev as: Keyboard
[    99.263] (II) event0  - Power Button: device is a keyboard
[    99.264] (II) config/udev: Adding input device Sleep Button (/dev/input/event1)
[    99.264] (**) Sleep Button: Applying InputClass "libinput keyboard catchall"
[    99.264] (II) Using input driver 'libinput' for 'Sleep Button'
[    99.270] (II) systemd-logind: got fd for /dev/input/event1 13:65 fd 23 paused 0
[    99.270] (**) Sleep Button: always reports core events
[    99.270] (**) Option "Device" "/dev/input/event1"
[    99.270] (**) Option "_source" "server/udev"
[    99.276] (II) event1  - Sleep Button: is tagged by udev as: Keyboard
[    99.276] (II) event1  - Sleep Button: device is a keyboard
[    99.276] (II) event1  - Sleep Button: device removed
[    99.276] (**) Option "config_info" "udev:/sys/devices/LNXSYSTM:00/LNXSLPBN:00/input/input1/event1"
[    99.277] (II) XINPUT: Adding extended input device "Sleep Button" (type: KEYBOARD, id 7)
[    99.277] (**) Option "xkb_model" "pc105"
[    99.277] (**) Option "xkb_layout" "us"
[    99.280] (II) event1  - Sleep Button: is tagged by udev as: Keyboard
[    99.280] (II) event1  - Sleep Button: device is a keyboard
[    99.286] (II) config/udev: Adding input device Video Bus (/dev/input/event3)
[    99.286] (**) Video Bus: Applying InputClass "libinput keyboard catchall"
[    99.286] (II) Using input driver 'libinput' for 'Video Bus'
[    99.288] (II) systemd-logind: got fd for /dev/input/event3 13:67 fd 24 paused 0
[    99.289] (**) Video Bus: always reports core events
[    99.289] (**) Option "Device" "/dev/input/event3"
[    99.289] (**) Option "_source" "server/udev"
[    99.291] (II) event3  - Video Bus: is tagged by udev as: Keyboard
[    99.291] (II) event3  - Video Bus: device is a keyboard
[    99.291] (II) event3  - Video Bus: device removed
[    99.291] (**) Option "config_info" "udev:/sys/devices/LNXSYSTM:00/LNXSYBUS:00/PNP0A03:00/LNXVIDEO:00/input/input4/event3"
[    99.292] (II) XINPUT: Adding extended input device "Video Bus" (type: KEYBOARD, id 8)
[    99.292] (**) Option "xkb_model" "pc105"
[    99.292] (**) Option "xkb_layout" "us"
[    99.293] (II) event3  - Video Bus: is tagged by udev as: Keyboard
[    99.293] (II) event3  - Video Bus: device is a keyboard
[    99.300] (II) config/udev: Adding input device VirtualBox mouse integration (/dev/input/event6)
[    99.300] (**) VirtualBox mouse integration: Applying InputClass "libinput pointer catchall"
[    99.300] (II) Using input driver 'libinput' for 'VirtualBox mouse integration'
[    99.302] (II) systemd-logind: got fd for /dev/input/event6 13:70 fd 25 paused 0
[    99.302] (**) VirtualBox mouse integration: always reports core events
[    99.302] (**) Option "Device" "/dev/input/event6"
[    99.302] (**) Option "_source" "server/udev"
[    99.303] (II) event6  - VirtualBox mouse integration: is tagged by udev as: Mouse
[    99.303] (II) event6  - VirtualBox mouse integration: device is a pointer
[    99.304] (II) event6  - VirtualBox mouse integration: device removed
[    99.304] (**) Option "config_info" "udev:/sys/devices/pci0000:00/0000:00:04.0/input/input7/event6"
[    99.304] (II) XINPUT: Adding extended input device "VirtualBox mouse integration" (type: MOUSE, id 9)
[    99.305] (**) Option "AccelerationScheme" "none"
[    99.306] (**) VirtualBox mouse integration: (accel) selected scheme none/0
[    99.306] (**) VirtualBox mouse integration: (accel) acceleration factor: 2.000
[    99.306] (**) VirtualBox mouse integration: (accel) acceleration threshold: 4
[    99.306] (II) event6  - VirtualBox mouse integration: is tagged by udev as: Mouse
[    99.306] (II) event6  - VirtualBox mouse integration: device is a pointer
[    99.306] (II) config/udev: Adding input device VirtualBox mouse integration (/dev/input/js1)
[    99.306] (II) No input driver specified, ignoring this device.
[    99.306] (II) This device may have been added with another device file.
[    99.311] (II) config/udev: Adding input device VirtualBox USB Tablet (/dev/input/event5)
[    99.312] (**) VirtualBox USB Tablet: Applying InputClass "libinput pointer catchall"
[    99.312] (II) Using input driver 'libinput' for 'VirtualBox USB Tablet'
[    99.373] (II) systemd-logind: got fd for /dev/input/event5 13:69 fd 26 paused 0
[    99.373] (**) VirtualBox USB Tablet: always reports core events
[    99.373] (**) Option "Device" "/dev/input/event5"
[    99.373] (**) Option "_source" "server/udev"
[    99.374] (II) event5  - VirtualBox USB Tablet: is tagged by udev as: Mouse
[    99.374] (II) event5  - VirtualBox USB Tablet: device is a pointer
[    99.374] (II) event5  - VirtualBox USB Tablet: device removed
[    99.374] (**) Option "config_info" "udev:/sys/devices/pci0000:00/0000:00:06.0/usb1/1-1/1-1:1.0/0003:80EE:0021.0001/input/input6/event5"
[    99.374] (II) XINPUT: Adding extended input device "VirtualBox USB Tablet" (type: MOUSE, id 10)
[    99.374] (**) Option "AccelerationScheme" "none"
[    99.374] (**) VirtualBox USB Tablet: (accel) selected scheme none/0
[    99.374] (**) VirtualBox USB Tablet: (accel) acceleration factor: 2.000
[    99.374] (**) VirtualBox USB Tablet: (accel) acceleration threshold: 4
[    99.375] (II) event5  - VirtualBox USB Tablet: is tagged by udev as: Mouse
[    99.375] (II) event5  - VirtualBox USB Tablet: device is a pointer
[    99.375] (II) config/udev: Adding input device VirtualBox USB Tablet (/dev/input/js0)
[    99.375] (II) No input driver specified, ignoring this device.
[    99.375] (II) This device may have been added with another device file.
[    99.378] (II) config/udev: Adding input device VirtualBox USB Tablet (/dev/input/mouse1)
[    99.379] (II) No input driver specified, ignoring this device.
[    99.379] (II) This device may have been added with another device file.
[    99.384] (II) config/udev: Adding input device AT Translated Set 2 keyboard (/dev/input/event2)
[    99.384] (**) AT Translated Set 2 keyboard: Applying InputClass "libinput keyboard catchall"
[    99.384] (II) Using input driver 'libinput' for 'AT Translated Set 2 keyboard'
[    99.386] (II) systemd-logind: got fd for /dev/input/event2 13:66 fd 27 paused 0
[    99.386] (**) AT Translated Set 2 keyboard: always reports core events
[    99.386] (**) Option "Device" "/dev/input/event2"
[    99.386] (**) Option "_source" "server/udev"
[    99.387] (II) event2  - AT Translated Set 2 keyboard: is tagged by udev as: Keyboard
[    99.387] (II) event2  - AT Translated Set 2 keyboard: device is a keyboard
[    99.387] (II) event2  - AT Translated Set 2 keyboard: device removed
[    99.387] (**) Option "config_info" "udev:/sys/devices/platform/i8042/serio0/input/input2/event2"
[    99.387] (II) XINPUT: Adding extended input device "AT Translated Set 2 keyboard" (type: KEYBOARD, id 11)
[    99.387] (**) Option "xkb_model" "pc105"
[    99.387] (**) Option "xkb_layout" "us"
[    99.390] (II) event2  - AT Translated Set 2 keyboard: is tagged by udev as: Keyboard
[    99.390] (II) event2  - AT Translated Set 2 keyboard: device is a keyboard
[    99.391] (II) config/udev: Adding input device ImExPS/2 Generic Explorer Mouse (/dev/input/event4)
[    99.391] (**) ImExPS/2 Generic Explorer Mouse: Applying InputClass "libinput pointer catchall"
[    99.391] (II) Using input driver 'libinput' for 'ImExPS/2 Generic Explorer Mouse'
[    99.393] (II) systemd-logind: got fd for /dev/input/event4 13:68 fd 28 paused 0
[    99.393] (**) ImExPS/2 Generic Explorer Mouse: always reports core events
[    99.393] (**) Option "Device" "/dev/input/event4"
[    99.393] (**) Option "_source" "server/udev"
[    99.397] (II) event4  - ImExPS/2 Generic Explorer Mouse: is tagged by udev as: Mouse
[    99.398] (II) event4  - ImExPS/2 Generic Explorer Mouse: device is a pointer
[    99.398] (II) event4  - ImExPS/2 Generic Explorer Mouse: device removed
[    99.398] (**) Option "config_info" "udev:/sys/devices/platform/i8042/serio1/input/input5/event4"
[    99.398] (II) XINPUT: Adding extended input device "ImExPS/2 Generic Explorer Mouse" (type: MOUSE, id 12)
[    99.398] (**) Option "AccelerationScheme" "none"
[    99.399] (**) ImExPS/2 Generic Explorer Mouse: (accel) selected scheme none/0
[    99.399] (**) ImExPS/2 Generic Explorer Mouse: (accel) acceleration factor: 2.000
[    99.399] (**) ImExPS/2 Generic Explorer Mouse: (accel) acceleration threshold: 4
[    99.404] (II) event4  - ImExPS/2 Generic Explorer Mouse: is tagged by udev as: Mouse
[    99.404] (II) event4  - ImExPS/2 Generic Explorer Mouse: device is a pointer
[    99.407] (II) config/udev: Adding input device ImExPS/2 Generic Explorer Mouse (/dev/input/mouse0)
[    99.408] (II) No input driver specified, ignoring this device.
[    99.408] (II) This device may have been added with another device file.
